<?xml version="1.0" encoding="UTF-8"?>
<testsuite name="SILab2Test" tests="1" skipped="0" failures="0" errors="0" timestamp="2022-05-14T13:34:20" hostname="DESKTOP-RDNTJBL" time="0.046">
  <properties/>
  <testcase name="everyBranch()" classname="SILab2Test" time="0.046"/>
  <system-out><![CDATA[]]></system-out>
  <system-err><![CDATA[]]></system-err>
</testsuite>
